<?xml version="1.0" encoding="UTF-8"?>
<!-- Generated by org.testng.reporters.JUnitReportReporter -->
<testsuite skipped="0" hostname="sys" name="com.gmail.TestCases.TestCase" tests="1" failures="0" timestamp="12 May 2020 08:27:33 GMT" time="48.619" errors="0">
  <testcase name="deleteUnreadMails" time="48.619" classname="com.gmail.TestCases.TestCase"/>
</testsuite> <!-- com.gmail.TestCases.TestCase -->
